# JRE version: Java(TM) SE Runtime Environment (21.0.1+12) (build 21.0.1+12-LTS-29)
# Java VM: Java HotSpot(TM) 64-Bit Server VM (21.0.1+12-LTS-29, mixed mode, emulated-client, sharing, tiered, compressed oops, compressed class ptrs, g1 gc, windows-amd64)
GC Precious Log:
 CardTable entry size: 512
 Card Set container configuration: InlinePtr #cards 4 size 8 Array Of Cards #cards 32 size 80 Howl #buckets 8 coarsen threshold 7372 Howl Bitmap #cards 1024 size 144 coarsen threshold 921 Card regions per heap region 1 cards per card region 8192
 CPUs: 16 total, 16 available
 Memory: 28381M
 Large Page Support: Disabled
 NUMA Support: Disabled
 Compressed Oops: Enabled (Zero based)
 Heap Region Size: 4M
 Heap Min Capacity: 8M
 Heap Initial Capacity: 444M
 Heap Max Capacity: 7096M
 Pre-touch: Disabled
 Parallel Workers: 13
 Concurrent Workers: 3
 Concurrent Refinement Workers: 13
 Periodic GC: Disabled
Heap:
 garbage-first heap   total 98304K, used 75118K [0x0000000644800000, 0x0000000800000000)
  region size 4096K, 13 young (53248K), 0 survivors (0K)
 Metaspace       used 70176K, committed 71104K, reserved 1114112K
  class space    used 9789K, committed 10240K, reserved 1048576K
GC Heap History (20 events):
Event: 3.246 GC heap before
{Heap before GC invocations=18 (full 0):
 garbage-first heap   total 98304K, used 76875K [0x0000000644800000, 0x0000000800000000)
  region size 4096K, 14 young (57344K), 1 survivors (4096K)
 Metaspace       used 56275K, committed 56896K, reserved 1114112K
  class space    used 7853K, committed 8128K, reserved 1048576K
}
Event: 3.248 GC heap after
{Heap after GC invocations=19 (full 0):
 garbage-first heap   total 98304K, used 24539K [0x0000000644800000, 0x0000000800000000)
  region size 4096K, 1 young (4096K), 1 survivors (4096K)
 Metaspace       used 56275K, committed 56896K, reserved 1114112K
  class space    used 7853K, committed 8128K, reserved 1048576K
}
Event: 3.490 GC heap before
{Heap before GC invocations=19 (full 0):
 garbage-first heap   total 98304K, used 61403K [0x0000000644800000, 0x0000000800000000)
  region size 4096K, 11 young (45056K), 1 survivors (4096K)
 Metaspace       used 59945K, committed 60608K, reserved 1114112K
  class space    used 8315K, committed 8576K, reserved 1048576K
}
Event: 3.493 GC heap after
{Heap after GC invocations=20 (full 0):
 garbage-first heap   total 98304K, used 26188K [0x0000000644800000, 0x0000000800000000)
  region size 4096K, 2 young (8192K), 2 survivors (8192K)
 Metaspace       used 59945K, committed 60608K, reserved 1114112K
  class space    used 8315K, committed 8576K, reserved 1048576K
}
Event: 3.768 GC heap before
{Heap before GC invocations=21 (full 0):
 garbage-first heap   total 98304K, used 75340K [0x0000000644800000, 0x0000000800000000)
  region size 4096K, 14 young (57344K), 2 survivors (8192K)
 Metaspace       used 62725K, committed 63424K, reserved 1114112K
  class space    used 8797K, committed 9088K, reserved 1048576K
}
Event: 3.772 GC heap after
{Heap after GC invocations=22 (full 0):
 garbage-first heap   total 278528K, used 28425K [0x0000000644800000, 0x0000000800000000)
  region size 4096K, 2 young (8192K), 2 survivors (8192K)
 Metaspace       used 62725K, committed 63424K, reserved 1114112K
  class space    used 8797K, committed 9088K, reserved 1048576K
}
Event: 157.810 GC heap before
{Heap before GC invocations=22 (full 0):
 garbage-first heap   total 278528K, used 122633K [0x0000000644800000, 0x0000000800000000)
  region size 4096K, 26 young (106496K), 2 survivors (8192K)
 Metaspace       used 69770K, committed 70592K, reserved 1114112K
  class space    used 9817K, committed 10176K, reserved 1048576K
}
Event: 157.841 GC heap after
{Heap after GC invocations=23 (full 1):
 garbage-first heap   total 139264K, used 27753K [0x0000000644800000, 0x0000000800000000)
  region size 4096K, 0 young (0K), 0 survivors (0K)
 Metaspace       used 69770K, committed 70592K, reserved 1114112K
  class space    used 9817K, committed 10176K, reserved 1048576K
}
Event: 158.497 GC heap before
{Heap before GC invocations=23 (full 1):
 garbage-first heap   total 139264K, used 109673K [0x0000000644800000, 0x0000000800000000)
  region size 4096K, 20 young (81920K), 0 survivors (0K)
 Metaspace       used 70044K, committed 70912K, reserved 1114112K
  class space    used 9849K, committed 10240K, reserved 1048576K
}
Event: 158.500 GC heap after
{Heap after GC invocations=24 (full 1):
 garbage-first heap   total 139264K, used 33717K [0x0000000644800000, 0x0000000800000000)
  region size 4096K, 2 young (8192K), 2 survivors (8192K)
 Metaspace       used 70044K, committed 70912K, reserved 1114112K
  class space    used 9849K, committed 10240K, reserved 1048576K
}
Event: 169.047 GC heap before
{Heap before GC invocations=25 (full 1):
 garbage-first heap   total 139264K, used 37813K [0x0000000644800000, 0x0000000800000000)
  region size 4096K, 4 young (16384K), 2 survivors (8192K)
 Metaspace       used 69604K, committed 70912K, reserved 1114112K
  class space    used 9734K, committed 10240K, reserved 1048576K
}
Event: 169.100 GC heap after
{Heap after GC invocations=26 (full 2):
 garbage-first heap   total 110592K, used 25761K [0x0000000644800000, 0x0000000800000000)
  region size 4096K, 0 young (0K), 0 survivors (0K)
 Metaspace       used 69602K, committed 70912K, reserved 1114112K
  class space    used 9734K, committed 10240K, reserved 1048576K
}
Event: 169.622 GC heap before
{Heap before GC invocations=26 (full 2):
 garbage-first heap   total 110592K, used 87201K [0x0000000644800000, 0x0000000800000000)
  region size 4096K, 16 young (65536K), 0 survivors (0K)
 Metaspace       used 69839K, committed 70976K, reserved 1114112K
  class space    used 9755K, committed 10240K, reserved 1048576K
}
Event: 169.624 GC heap after
{Heap after GC invocations=27 (full 2):
 garbage-first heap   total 110592K, used 31017K [0x0000000644800000, 0x0000000800000000)
  region size 4096K, 2 young (8192K), 2 survivors (8192K)
 Metaspace       used 69839K, committed 70976K, reserved 1114112K
  class space    used 9755K, committed 10240K, reserved 1048576K
}
Event: 329.470 GC heap before
{Heap before GC invocations=28 (full 2):
 garbage-first heap   total 110592K, used 55593K [0x0000000644800000, 0x0000000800000000)
  region size 4096K, 9 young (36864K), 2 survivors (8192K)
 Metaspace       used 69869K, committed 70976K, reserved 1114112K
  class space    used 9761K, committed 10240K, reserved 1048576K
}
Event: 329.522 GC heap after
{Heap after GC invocations=29 (full 3):
 garbage-first heap   total 98304K, used 27022K [0x0000000644800000, 0x0000000800000000)
  region size 4096K, 0 young (0K), 0 survivors (0K)
 Metaspace       used 69866K, committed 70976K, reserved 1114112K
  class space    used 9761K, committed 10240K, reserved 1048576K
}
Event: 329.980 GC heap before
{Heap before GC invocations=29 (full 3):
 garbage-first heap   total 98304K, used 84366K [0x0000000644800000, 0x0000000800000000)
  region size 4096K, 14 young (57344K), 0 survivors (0K)
 Metaspace       used 70070K, committed 71104K, reserved 1114112K
  class space    used 9780K, committed 10240K, reserved 1048576K
}
Event: 329.982 GC heap after
{Heap after GC invocations=30 (full 3):
 garbage-first heap   total 98304K, used 31685K [0x0000000644800000, 0x0000000800000000)
  region size 4096K, 2 young (8192K), 2 survivors (8192K)
 Metaspace       used 70070K, committed 71104K, reserved 1114112K
  class space    used 9780K, committed 10240K, reserved 1048576K
}
Event: 431.013 GC heap before
{Heap before GC invocations=31 (full 3):
 garbage-first heap   total 98304K, used 56261K [0x0000000644800000, 0x0000000800000000)
  region size 4096K, 9 young (36864K), 2 survivors (8192K)
 Metaspace       used 70075K, committed 71104K, reserved 1114112K
  class space    used 9775K, committed 10240K, reserved 1048576K
}
Event: 431.069 GC heap after
{Heap after GC invocations=32 (full 4):
 garbage-first heap   total 98304K, used 25966K [0x0000000644800000, 0x0000000800000000)
  region size 4096K, 0 young (0K), 0 survivors (0K)
 Metaspace       used 70073K, committed 71104K, reserved 1114112K
  class space    used 9775K, committed 10240K, reserved 1048576K
}

