# JRE version: Java(TM) SE Runtime Environment (21.0.1+12) (build 21.0.1+12-LTS-29)
# Java VM: Java HotSpot(TM) 64-Bit Server VM (21.0.1+12-LTS-29, mixed mode, emulated-client, sharing, tiered, compressed oops, compressed class ptrs, g1 gc, windows-amd64)
GC Precious Log:
 CardTable entry size: 512
 Card Set container configuration: InlinePtr #cards 4 size 8 Array Of Cards #cards 32 size 80 Howl #buckets 8 coarsen threshold 7372 Howl Bitmap #cards 1024 size 144 coarsen threshold 921 Card regions per heap region 1 cards per card region 8192
 CPUs: 16 total, 16 available
 Memory: 28381M
 Large Page Support: Disabled
 NUMA Support: Disabled
 Compressed Oops: Enabled (Zero based)
 Heap Region Size: 4M
 Heap Min Capacity: 8M
 Heap Initial Capacity: 444M
 Heap Max Capacity: 7096M
 Pre-touch: Disabled
 Parallel Workers: 13
 Concurrent Workers: 3
 Concurrent Refinement Workers: 13
 Periodic GC: Disabled
Heap:
 garbage-first heap   total 139264K, used 76888K [0x0000000644800000, 0x0000000800000000)
  region size 4096K, 13 young (53248K), 0 survivors (0K)
 Metaspace       used 70189K, committed 71040K, reserved 1114112K
  class space    used 9837K, committed 10240K, reserved 1048576K
GC Heap History (20 events):
Event: 1.277 GC heap before
{Heap before GC invocations=7 (full 0):
 garbage-first heap   total 69632K, used 46373K [0x0000000644800000, 0x0000000800000000)
  region size 4096K, 10 young (40960K), 2 survivors (8192K)
 Metaspace       used 24809K, committed 25216K, reserved 1114112K
  class space    used 3274K, committed 3456K, reserved 1048576K
}
Event: 1.280 GC heap after
{Heap after GC invocations=8 (full 0):
 garbage-first heap   total 262144K, used 15510K [0x0000000644800000, 0x0000000800000000)
  region size 4096K, 2 young (8192K), 2 survivors (8192K)
 Metaspace       used 24809K, committed 25216K, reserved 1114112K
  class space    used 3274K, committed 3456K, reserved 1048576K
}
Event: 1.520 GC heap before
{Heap before GC invocations=8 (full 0):
 garbage-first heap   total 262144K, used 56470K [0x0000000644800000, 0x0000000800000000)
  region size 4096K, 13 young (53248K), 2 survivors (8192K)
 Metaspace       used 27566K, committed 27968K, reserved 1114112K
  class space    used 3637K, committed 3840K, reserved 1048576K
}
Event: 1.523 GC heap after
{Heap after GC invocations=9 (full 0):
 garbage-first heap   total 262144K, used 16325K [0x0000000644800000, 0x0000000800000000)
  region size 4096K, 2 young (8192K), 2 survivors (8192K)
 Metaspace       used 27566K, committed 27968K, reserved 1114112K
  class space    used 3637K, committed 3840K, reserved 1048576K
}
Event: 1.796 GC heap before
{Heap before GC invocations=10 (full 0):
 garbage-first heap   total 81920K, used 57285K [0x0000000644800000, 0x0000000800000000)
  region size 4096K, 12 young (49152K), 2 survivors (8192K)
 Metaspace       used 30825K, committed 31360K, reserved 1114112K
  class space    used 4150K, committed 4352K, reserved 1048576K
}
Event: 1.799 GC heap after
{Heap after GC invocations=11 (full 0):
 garbage-first heap   total 81920K, used 18348K [0x0000000644800000, 0x0000000800000000)
  region size 4096K, 2 young (8192K), 2 survivors (8192K)
 Metaspace       used 30825K, committed 31360K, reserved 1114112K
  class space    used 4150K, committed 4352K, reserved 1048576K
}
Event: 2.040 GC heap before
{Heap before GC invocations=11 (full 0):
 garbage-first heap   total 81920K, used 59308K [0x0000000644800000, 0x0000000800000000)
  region size 4096K, 12 young (49152K), 2 survivors (8192K)
 Metaspace       used 34181K, committed 34752K, reserved 1114112K
  class space    used 4606K, committed 4864K, reserved 1048576K
}
Event: 2.044 GC heap after
{Heap after GC invocations=12 (full 0):
 garbage-first heap   total 81920K, used 20481K [0x0000000644800000, 0x0000000800000000)
  region size 4096K, 2 young (8192K), 2 survivors (8192K)
 Metaspace       used 34181K, committed 34752K, reserved 1114112K
  class space    used 4606K, committed 4864K, reserved 1048576K
}
Event: 2.260 GC heap before
{Heap before GC invocations=12 (full 0):
 garbage-first heap   total 81920K, used 61441K [0x0000000644800000, 0x0000000800000000)
  region size 4096K, 12 young (49152K), 2 survivors (8192K)
 Metaspace       used 37854K, committed 38464K, reserved 1114112K
  class space    used 5139K, committed 5440K, reserved 1048576K
}
Event: 2.263 GC heap after
{Heap after GC invocations=13 (full 0):
 garbage-first heap   total 270336K, used 21157K [0x0000000644800000, 0x0000000800000000)
  region size 4096K, 2 young (8192K), 2 survivors (8192K)
 Metaspace       used 37854K, committed 38464K, reserved 1114112K
  class space    used 5139K, committed 5440K, reserved 1048576K
}
Event: 2.790 GC heap before
{Heap before GC invocations=13 (full 0):
 garbage-first heap   total 270336K, used 98981K [0x0000000644800000, 0x0000000800000000)
  region size 4096K, 23 young (94208K), 2 survivors (8192K)
 Metaspace       used 46115K, committed 46720K, reserved 1114112K
  class space    used 6284K, committed 6528K, reserved 1048576K
}
Event: 2.794 GC heap after
{Heap after GC invocations=14 (full 0):
 garbage-first heap   total 270336K, used 23160K [0x0000000644800000, 0x0000000800000000)
  region size 4096K, 2 young (8192K), 2 survivors (8192K)
 Metaspace       used 46115K, committed 46720K, reserved 1114112K
  class space    used 6284K, committed 6528K, reserved 1048576K
}
Event: 3.015 GC heap before
{Heap before GC invocations=15 (full 0):
 garbage-first heap   total 98304K, used 72312K [0x0000000644800000, 0x0000000800000000)
  region size 4096K, 14 young (57344K), 2 survivors (8192K)
 Metaspace       used 51114K, committed 51712K, reserved 1114112K
  class space    used 7045K, committed 7296K, reserved 1048576K
}
Event: 3.018 GC heap after
{Heap after GC invocations=16 (full 0):
 garbage-first heap   total 98304K, used 24930K [0x0000000644800000, 0x0000000800000000)
  region size 4096K, 2 young (8192K), 2 survivors (8192K)
 Metaspace       used 51114K, committed 51712K, reserved 1114112K
  class space    used 7045K, committed 7296K, reserved 1048576K
}
Event: 3.280 GC heap before
{Heap before GC invocations=16 (full 0):
 garbage-first heap   total 98304K, used 74082K [0x0000000644800000, 0x0000000800000000)
  region size 4096K, 14 young (57344K), 2 survivors (8192K)
 Metaspace       used 55802K, committed 56448K, reserved 1114112K
  class space    used 7814K, committed 8128K, reserved 1048576K
}
Event: 3.283 GC heap after
{Heap after GC invocations=17 (full 0):
 garbage-first heap   total 98304K, used 25313K [0x0000000644800000, 0x0000000800000000)
  region size 4096K, 2 young (8192K), 2 survivors (8192K)
 Metaspace       used 55802K, committed 56448K, reserved 1114112K
  class space    used 7814K, committed 8128K, reserved 1048576K
}
Event: 3.597 GC heap before
{Heap before GC invocations=17 (full 0):
 garbage-first heap   total 98304K, used 74465K [0x0000000644800000, 0x0000000800000000)
  region size 4096K, 14 young (57344K), 2 survivors (8192K)
 Metaspace       used 60711K, committed 61376K, reserved 1114112K
  class space    used 8474K, committed 8768K, reserved 1048576K
}
Event: 3.600 GC heap after
{Heap after GC invocations=18 (full 0):
 garbage-first heap   total 278528K, used 26720K [0x0000000644800000, 0x0000000800000000)
  region size 4096K, 1 young (4096K), 1 survivors (4096K)
 Metaspace       used 60711K, committed 61376K, reserved 1114112K
  class space    used 8474K, committed 8768K, reserved 1048576K
}
Event: 60.360 GC heap before
{Heap before GC invocations=18 (full 0):
 garbage-first heap   total 278528K, used 153696K [0x0000000644800000, 0x0000000800000000)
  region size 4096K, 34 young (139264K), 1 survivors (4096K)
 Metaspace       used 70088K, committed 70912K, reserved 1114112K
  class space    used 9819K, committed 10176K, reserved 1048576K
}
Event: 60.394 GC heap after
{Heap after GC invocations=19 (full 1):
 garbage-first heap   total 139264K, used 27736K [0x0000000644800000, 0x0000000800000000)
  region size 4096K, 0 young (0K), 0 survivors (0K)
 Metaspace       used 70088K, committed 70912K, reserved 1114112K
  class space    used 9819K, committed 10176K, reserved 1048576K
}

